Using pre-set license
Built from '2021.3/staging' branch; Version is '2021.3.11f1 (0a5ca18544bf) revision 679073'; Using compiler version '192829333'; Build Type 'Release'
OS: 'Windows 11  (10.0.22000) 64bit Professional' Language: 'zh' Physical Memory: 32509 MB
BatchMode: 1, IsHumanControllingUs: 0, StartBugReporterOnCrash: 0, Is64bit: 1, IsPro: 1

COMMAND LINE ARGUMENTS:
C:\Program Files\Unity\Hub\Editor\2021.3.11f1\Editor\Unity.exe
-adb2
-batchMode
-noUpm
-name
AssetImportWorker2
-projectPath
C:/Users/Jim/FinalProject
-logFile
Logs/AssetImportWorker2.log
-srvPort
51041
Successfully changed project path to: C:/Users/Jim/FinalProject
C:/Users/Jim/FinalProject
[UnityMemory] Configuration Parameters - Can be set up in boot.config
    "memorysetup-bucket-allocator-granularity=16"
    "memorysetup-bucket-allocator-bucket-count=8"
    "memorysetup-bucket-allocator-block-size=33554432"
    "memorysetup-bucket-allocator-block-count=8"
    "memorysetup-main-allocator-block-size=16777216"
    "memorysetup-thread-allocator-block-size=16777216"
    "memorysetup-gfx-main-allocator-block-size=16777216"
    "memorysetup-gfx-thread-allocator-block-size=16777216"
    "memorysetup-cache-allocator-block-size=4194304"
    "memorysetup-typetree-allocator-block-size=2097152"
    "memorysetup-profiler-bucket-allocator-granularity=16"
    "memorysetup-profiler-bucket-allocator-bucket-count=8"
    "memorysetup-profiler-bucket-allocator-block-size=33554432"
    "memorysetup-profiler-bucket-allocator-block-count=8"
    "memorysetup-profiler-allocator-block-size=16777216"
    "memorysetup-profiler-editor-allocator-block-size=1048576"
    "memorysetup-temp-allocator-size-main=16777216"
    "memorysetup-job-temp-allocator-block-size=2097152"
    "memorysetup-job-temp-allocator-block-size-background=1048576"
    "memorysetup-job-temp-allocator-reduction-small-platforms=262144"
    "memorysetup-temp-allocator-size-background-worker=32768"
    "memorysetup-temp-allocator-size-job-worker=262144"
    "memorysetup-temp-allocator-size-preload-manager=33554432"
    "memorysetup-temp-allocator-size-nav-mesh-worker=65536"
    "memorysetup-temp-allocator-size-audio-worker=65536"
    "memorysetup-temp-allocator-size-cloud-worker=32768"
    "memorysetup-temp-allocator-size-gi-baking-worker=262144"
    "memorysetup-temp-allocator-size-gfx=262144"
Refreshing native plugins compatible for Editor in 81.69 ms, found 4 plugins.
Preloading 0 native plugins for Editor in 0.00 ms.
Initialize engine version: 2021.3.11f1 (0a5ca18544bf)
[Subsystems] Discovering subsystems at path C:/Program Files/Unity/Hub/Editor/2021.3.11f1/Editor/Data/Resources/UnitySubsystems
[Subsystems] Discovering subsystems at path C:/Users/Jim/FinalProject/Assets
GfxDevice: creating device client; threaded=0; jobified=0
Direct3D:
    Version:  Direct3D 11.0 [level 11.1]
    Renderer: Intel(R) UHD Graphics 730 (ID=0x4692)
    Vendor:   Intel
    VRAM:     16254 MB
    Driver:   30.0.101.1371
Initialize mono
Mono path[0] = 'C:/Program Files/Unity/Hub/Editor/2021.3.11f1/Editor/Data/Managed'
Mono path[1] = 'C:/Program Files/Unity/Hub/Editor/2021.3.11f1/Editor/Data/MonoBleedingEdge/lib/mono/unityjit-win32'
Mono config path = 'C:/Program Files/Unity/Hub/Editor/2021.3.11f1/Editor/Data/MonoBleedingEdge/etc'
Using monoOptions --debugger-agent=transport=dt_socket,embedding=1,server=y,suspend=n,address=127.0.0.1:56508
Begin MonoManager ReloadAssembly
Registering precompiled unity dll's ...
Register platform support module: C:/Program Files/Unity/Hub/Editor/2021.3.11f1/Editor/Data/PlaybackEngines/WindowsStandaloneSupport/UnityEditor.WindowsStandalone.Extensions.dll
Registered in 0.002507 seconds.
Native extension for WindowsStandalone target not found
Refreshing native plugins compatible for Editor in 63.92 ms, found 4 plugins.
Preloading 0 native plugins for Editor in 0.00 ms.
Mono: successfully reloaded assembly
- Completed reload, in  0.448 seconds
Domain Reload Profiling:
	ReloadAssembly (449ms)
		BeginReloadAssembly (57ms)
			ExecutionOrderSort (0ms)
			DisableScriptedObjects (0ms)
			BackupInstance (0ms)
			ReleaseScriptingObjects (0ms)
			CreateAndSetChildDomain (1ms)
		EndReloadAssembly (304ms)
			LoadAssemblies (56ms)
			RebuildTransferFunctionScriptingTraits (0ms)
			SetupTypeCache (74ms)
			ReleaseScriptCaches (0ms)
			RebuildScriptCaches (19ms)
			SetupLoadedEditorAssemblies (175ms)
				LogAssemblyErrors (0ms)
				InitializePlatformSupportModulesInManaged (5ms)
				SetLoadedEditorAssemblies (0ms)
				RefreshPlugins (64ms)
				BeforeProcessingInitializeOnLoad (1ms)
				ProcessInitializeOnLoadAttributes (77ms)
				ProcessInitializeOnLoadMethodAttributes (28ms)
				AfterProcessingInitializeOnLoad (0ms)
				EditorAssembliesLoaded (0ms)
			ExecutionOrderSort2 (0ms)
			AwakeInstancesAfterBackupRestoration (0ms)
Platform modules already initialized, skipping
Registering precompiled user dll's ...
Registered in 0.003597 seconds.
Begin MonoManager ReloadAssembly
Symbol file LoadedFromMemory doesn't match image C:\Users\Jim\FinalProject\Library\PackageCache\com.unity.visualscripting@1.7.8\Editor\VisualScripting.Core\Dependencies\YamlDotNet\Unity.VisualScripting.YamlDotNet.dll
Symbol file LoadedFromMemory doesn't match image C:\Users\Jim\FinalProject\Library\PackageCache\com.unity.visualscripting@1.7.8\Editor\VisualScripting.Core\Dependencies\DotNetZip\Unity.VisualScripting.IonicZip.dll
Native extension for WindowsStandalone target not found
Refreshing native plugins compatible for Editor in 61.39 ms, found 4 plugins.
Preloading 0 native plugins for Editor in 0.00 ms.
Mono: successfully reloaded assembly
- Completed reload, in  0.740 seconds
Domain Reload Profiling:
	ReloadAssembly (740ms)
		BeginReloadAssembly (71ms)
			ExecutionOrderSort (0ms)
			DisableScriptedObjects (4ms)
			BackupInstance (0ms)
			ReleaseScriptingObjects (0ms)
			CreateAndSetChildDomain (13ms)
		EndReloadAssembly (593ms)
			LoadAssemblies (51ms)
			RebuildTransferFunctionScriptingTraits (0ms)
			SetupTypeCache (152ms)
			ReleaseScriptCaches (0ms)
			RebuildScriptCaches (34ms)
			SetupLoadedEditorAssemblies (321ms)
				LogAssemblyErrors (0ms)
				InitializePlatformSupportModulesInManaged (2ms)
				SetLoadedEditorAssemblies (0ms)
				RefreshPlugins (61ms)
				BeforeProcessingInitializeOnLoad (57ms)
				ProcessInitializeOnLoadAttributes (164ms)
				ProcessInitializeOnLoadMethodAttributes (33ms)
				AfterProcessingInitializeOnLoad (3ms)
				EditorAssembliesLoaded (0ms)
			ExecutionOrderSort2 (0ms)
			AwakeInstancesAfterBackupRestoration (4ms)
Platform modules already initialized, skipping
========================================================================
Worker process is ready to serve import requests
Launched and connected shader compiler UnityShaderCompiler.exe after 0.02 seconds
Refreshing native plugins compatible for Editor in 0.82 ms, found 4 plugins.
Preloading 0 native plugins for Editor in 0.00 ms.
Unloading 4068 Unused Serialized files (Serialized files now loaded: 0)
Unloading 44 unused Assets / (229.5 KB). Loaded Objects now: 4518.
Memory consumption went from 151.8 MB to 151.5 MB.
Total: 2.996800 ms (FindLiveObjects: 0.190100 ms CreateObjectMapping: 0.237500 ms MarkObjects: 2.443600 ms  DeleteObjects: 0.124700 ms)

AssetImportParameters requested are different than current active one (requested -> active):
  custom:video-decoder-ogg-theora: a1e56fd34408186e4bbccfd4996cb3dc -> 
  custom:container-muxer-webm: aa71ff27fc2769a1b78a27578f13a17b -> 
  custom:container-demuxer-webm: 4f35f7cbe854078d1ac9338744f61a02 -> 
  custom:video-encoder-webm-vp8: eb34c28f22e8b96e1ab97ce403110664 -> 
  custom:audio-encoder-webm-vorbis: bf7c407c2cedff20999df2af8eb42d56 -> 
  custom:framework-win-MediaFoundation: 216162199b28c13a410421893ffa2e32 -> 
  custom:container-demuxer-ogg: 62fdf1f143b41e24485cea50d1cbac27 -> 
  custom:video-decoder-webm-vp8: 9c59270c3fd7afecdb556c50c9e8de78 -> 
  custom:audio-decoder-ogg-vorbis: bf7c407c2cedff20999df2af8eb42d56 -> 
========================================================================
Received Import Request.
  Time since last request: 2222.839131 seconds.
  path: Assets/Super Grotto Escape/Music
  artifactKey: Guid(02a7bfbdb21ebb34f8ffaae0149f762c) Importer(815301076,1909f56bfc062723c751e8b465ee728b)
Start importing Assets/Super Grotto Escape/Music using Guid(02a7bfbdb21ebb34f8ffaae0149f762c) Importer(815301076,1909f56bfc062723c751e8b465ee728b)  -> (artifact id: '401d61fd47b28a00fb8a8c5d63c55b1e') in 0.011348 seconds 
========================================================================
Received Import Request.
  Time since last request: 0.073609 seconds.
  path: Assets/Super Grotto Escape/Music/SuperGrottoEscape.wav
  artifactKey: Guid(d0bf1437f6cbd164baba5d661ba6e976) Importer(815301076,1909f56bfc062723c751e8b465ee728b)
Start importing Assets/Super Grotto Escape/Music/SuperGrottoEscape.wav using Guid(d0bf1437f6cbd164baba5d661ba6e976) Importer(815301076,1909f56bfc062723c751e8b465ee728b)  -> (artifact id: '9129ace23552eb955d657c3b04896f04') in 0.090514 seconds 
========================================================================
Received Import Request.
  Time since last request: 1.985494 seconds.
  path: Assets/Super Grotto Escape/Props/back-panels.png
  artifactKey: Guid(b7c8fd7aa393f7b418212ca2a159b806) Importer(815301076,1909f56bfc062723c751e8b465ee728b)
Start importing Assets/Super Grotto Escape/Props/back-panels.png using Guid(b7c8fd7aa393f7b418212ca2a159b806) Importer(815301076,1909f56bfc062723c751e8b465ee728b)  -> (artifact id: '015ddedacb4f1341ffe646f08d2be6ef') in 0.034067 seconds 
========================================================================
Received Import Request.
  Time since last request: 0.000018 seconds.
  path: Assets/Super Grotto Escape/Props/floating-platform.png
  artifactKey: Guid(1a175120485425149aaaa421312d9af2) Importer(815301076,1909f56bfc062723c751e8b465ee728b)
Start importing Assets/Super Grotto Escape/Props/floating-platform.png using Guid(1a175120485425149aaaa421312d9af2) Importer(815301076,1909f56bfc062723c751e8b465ee728b)  -> (artifact id: '17c10304e8ab919d3184d1f419c97e1b') in 0.015193 seconds 
========================================================================
Received Import Request.
  Time since last request: 0.000027 seconds.
  path: Assets/Super Grotto Escape/Props/vent-pipes.png
  artifactKey: Guid(5b31f1155ddd54b40a45fcc01264f73f) Importer(815301076,1909f56bfc062723c751e8b465ee728b)
Start importing Assets/Super Grotto Escape/Props/vent-pipes.png using Guid(5b31f1155ddd54b40a45fcc01264f73f) Importer(815301076,1909f56bfc062723c751e8b465ee728b)  -> (artifact id: '92e66eefd04881813d5672f671a3b77c') in 0.018527 seconds 
========================================================================
Received Import Request.
  Time since last request: 0.000028 seconds.
  path: Assets/Super Grotto Escape/Props/terminal.png
  artifactKey: Guid(7fa2fb051310daa4fb1cf800ced1f62c) Importer(815301076,1909f56bfc062723c751e8b465ee728b)
Start importing Assets/Super Grotto Escape/Props/terminal.png using Guid(7fa2fb051310daa4fb1cf800ced1f62c) Importer(815301076,1909f56bfc062723c751e8b465ee728b)  -> (artifact id: '3efc4573965829cfd1e4e7c5aaa495a1') in 0.015349 seconds 
========================================================================
Received Import Request.
  Time since last request: 0.000022 seconds.
  path: Assets/Super Grotto Escape/Props/door.png
  artifactKey: Guid(de7e83d811d833e4b8b158b7a950648d) Importer(815301076,1909f56bfc062723c751e8b465ee728b)
Start importing Assets/Super Grotto Escape/Props/door.png using Guid(de7e83d811d833e4b8b158b7a950648d) Importer(815301076,1909f56bfc062723c751e8b465ee728b)  -> (artifact id: 'd8c1f53251cc1fccc4db066d83826fe6') in 0.017895 seconds 
