Using pre-set license
Built from '2021.3/staging' branch; Version is '2021.3.11f1 (0a5ca18544bf) revision 679073'; Using compiler version '192829333'; Build Type 'Release'
OS: 'Windows 11  (10.0.22000) 64bit Professional' Language: 'zh' Physical Memory: 32509 MB
BatchMode: 1, IsHumanControllingUs: 0, StartBugReporterOnCrash: 0, Is64bit: 1, IsPro: 1

COMMAND LINE ARGUMENTS:
C:\Program Files\Unity\Hub\Editor\2021.3.11f1\Editor\Unity.exe
-adb2
-batchMode
-noUpm
-name
AssetImportWorker1
-projectPath
C:/Users/Jim/FinalProject
-logFile
Logs/AssetImportWorker1.log
-srvPort
51041
Successfully changed project path to: C:/Users/Jim/FinalProject
C:/Users/Jim/FinalProject
[UnityMemory] Configuration Parameters - Can be set up in boot.config
    "memorysetup-bucket-allocator-granularity=16"
    "memorysetup-bucket-allocator-bucket-count=8"
    "memorysetup-bucket-allocator-block-size=33554432"
    "memorysetup-bucket-allocator-block-count=8"
    "memorysetup-main-allocator-block-size=16777216"
    "memorysetup-thread-allocator-block-size=16777216"
    "memorysetup-gfx-main-allocator-block-size=16777216"
    "memorysetup-gfx-thread-allocator-block-size=16777216"
    "memorysetup-cache-allocator-block-size=4194304"
    "memorysetup-typetree-allocator-block-size=2097152"
    "memorysetup-profiler-bucket-allocator-granularity=16"
    "memorysetup-profiler-bucket-allocator-bucket-count=8"
    "memorysetup-profiler-bucket-allocator-block-size=33554432"
    "memorysetup-profiler-bucket-allocator-block-count=8"
    "memorysetup-profiler-allocator-block-size=16777216"
    "memorysetup-profiler-editor-allocator-block-size=1048576"
    "memorysetup-temp-allocator-size-main=16777216"
    "memorysetup-job-temp-allocator-block-size=2097152"
    "memorysetup-job-temp-allocator-block-size-background=1048576"
    "memorysetup-job-temp-allocator-reduction-small-platforms=262144"
    "memorysetup-temp-allocator-size-background-worker=32768"
    "memorysetup-temp-allocator-size-job-worker=262144"
    "memorysetup-temp-allocator-size-preload-manager=33554432"
    "memorysetup-temp-allocator-size-nav-mesh-worker=65536"
    "memorysetup-temp-allocator-size-audio-worker=65536"
    "memorysetup-temp-allocator-size-cloud-worker=32768"
    "memorysetup-temp-allocator-size-gi-baking-worker=262144"
    "memorysetup-temp-allocator-size-gfx=262144"
Refreshing native plugins compatible for Editor in 70.78 ms, found 4 plugins.
Preloading 0 native plugins for Editor in 0.00 ms.
Initialize engine version: 2021.3.11f1 (0a5ca18544bf)
[Subsystems] Discovering subsystems at path C:/Program Files/Unity/Hub/Editor/2021.3.11f1/Editor/Data/Resources/UnitySubsystems
[Subsystems] Discovering subsystems at path C:/Users/Jim/FinalProject/Assets
GfxDevice: creating device client; threaded=0; jobified=0
Direct3D:
    Version:  Direct3D 11.0 [level 11.1]
    Renderer: Intel(R) UHD Graphics 730 (ID=0x4692)
    Vendor:   Intel
    VRAM:     16254 MB
    Driver:   30.0.101.1371
Initialize mono
Mono path[0] = 'C:/Program Files/Unity/Hub/Editor/2021.3.11f1/Editor/Data/Managed'
Mono path[1] = 'C:/Program Files/Unity/Hub/Editor/2021.3.11f1/Editor/Data/MonoBleedingEdge/lib/mono/unityjit-win32'
Mono config path = 'C:/Program Files/Unity/Hub/Editor/2021.3.11f1/Editor/Data/MonoBleedingEdge/etc'
Using monoOptions --debugger-agent=transport=dt_socket,embedding=1,server=y,suspend=n,address=127.0.0.1:56876
Begin MonoManager ReloadAssembly
Registering precompiled unity dll's ...
Register platform support module: C:/Program Files/Unity/Hub/Editor/2021.3.11f1/Editor/Data/PlaybackEngines/WindowsStandaloneSupport/UnityEditor.WindowsStandalone.Extensions.dll
Registered in 0.003042 seconds.
Native extension for WindowsStandalone target not found
Refreshing native plugins compatible for Editor in 70.18 ms, found 4 plugins.
Preloading 0 native plugins for Editor in 0.00 ms.
Mono: successfully reloaded assembly
- Completed reload, in  0.440 seconds
Domain Reload Profiling:
	ReloadAssembly (440ms)
		BeginReloadAssembly (53ms)
			ExecutionOrderSort (0ms)
			DisableScriptedObjects (0ms)
			BackupInstance (0ms)
			ReleaseScriptingObjects (0ms)
			CreateAndSetChildDomain (1ms)
		EndReloadAssembly (314ms)
			LoadAssemblies (52ms)
			RebuildTransferFunctionScriptingTraits (0ms)
			SetupTypeCache (63ms)
			ReleaseScriptCaches (0ms)
			RebuildScriptCaches (22ms)
			SetupLoadedEditorAssemblies (191ms)
				LogAssemblyErrors (0ms)
				InitializePlatformSupportModulesInManaged (5ms)
				SetLoadedEditorAssemblies (0ms)
				RefreshPlugins (70ms)
				BeforeProcessingInitializeOnLoad (1ms)
				ProcessInitializeOnLoadAttributes (85ms)
				ProcessInitializeOnLoadMethodAttributes (30ms)
				AfterProcessingInitializeOnLoad (0ms)
				EditorAssembliesLoaded (0ms)
			ExecutionOrderSort2 (0ms)
			AwakeInstancesAfterBackupRestoration (0ms)
Platform modules already initialized, skipping
Registering precompiled user dll's ...
Registered in 0.003888 seconds.
Begin MonoManager ReloadAssembly
Symbol file LoadedFromMemory doesn't match image C:\Users\Jim\FinalProject\Library\PackageCache\com.unity.visualscripting@1.7.8\Editor\VisualScripting.Core\Dependencies\YamlDotNet\Unity.VisualScripting.YamlDotNet.dll
Symbol file LoadedFromMemory doesn't match image C:\Users\Jim\FinalProject\Library\PackageCache\com.unity.visualscripting@1.7.8\Editor\VisualScripting.Core\Dependencies\DotNetZip\Unity.VisualScripting.IonicZip.dll
Native extension for WindowsStandalone target not found
Refreshing native plugins compatible for Editor in 70.43 ms, found 4 plugins.
Preloading 0 native plugins for Editor in 0.00 ms.
Mono: successfully reloaded assembly
- Completed reload, in  0.803 seconds
Domain Reload Profiling:
	ReloadAssembly (803ms)
		BeginReloadAssembly (68ms)
			ExecutionOrderSort (0ms)
			DisableScriptedObjects (4ms)
			BackupInstance (0ms)
			ReleaseScriptingObjects (0ms)
			CreateAndSetChildDomain (12ms)
		EndReloadAssembly (645ms)
			LoadAssemblies (51ms)
			RebuildTransferFunctionScriptingTraits (0ms)
			SetupTypeCache (149ms)
			ReleaseScriptCaches (0ms)
			RebuildScriptCaches (47ms)
			SetupLoadedEditorAssemblies (354ms)
				LogAssemblyErrors (0ms)
				InitializePlatformSupportModulesInManaged (3ms)
				SetLoadedEditorAssemblies (0ms)
				RefreshPlugins (70ms)
				BeforeProcessingInitializeOnLoad (64ms)
				ProcessInitializeOnLoadAttributes (180ms)
				ProcessInitializeOnLoadMethodAttributes (33ms)
				AfterProcessingInitializeOnLoad (3ms)
				EditorAssembliesLoaded (0ms)
			ExecutionOrderSort2 (0ms)
			AwakeInstancesAfterBackupRestoration (4ms)
Platform modules already initialized, skipping
========================================================================
Worker process is ready to serve import requests
Launched and connected shader compiler UnityShaderCompiler.exe after 0.02 seconds
Refreshing native plugins compatible for Editor in 0.62 ms, found 4 plugins.
Preloading 0 native plugins for Editor in 0.00 ms.
Unloading 4068 Unused Serialized files (Serialized files now loaded: 0)
Unloading 44 unused Assets / (229.5 KB). Loaded Objects now: 4518.
Memory consumption went from 151.8 MB to 151.5 MB.
Total: 2.889200 ms (FindLiveObjects: 0.196800 ms CreateObjectMapping: 0.213300 ms MarkObjects: 2.322900 ms  DeleteObjects: 0.155600 ms)

AssetImportParameters requested are different than current active one (requested -> active):
  custom:video-decoder-ogg-theora: a1e56fd34408186e4bbccfd4996cb3dc -> 
  custom:container-muxer-webm: aa71ff27fc2769a1b78a27578f13a17b -> 
  custom:container-demuxer-webm: 4f35f7cbe854078d1ac9338744f61a02 -> 
  custom:video-encoder-webm-vp8: eb34c28f22e8b96e1ab97ce403110664 -> 
  custom:audio-encoder-webm-vorbis: bf7c407c2cedff20999df2af8eb42d56 -> 
  custom:framework-win-MediaFoundation: 216162199b28c13a410421893ffa2e32 -> 
  custom:container-demuxer-ogg: 62fdf1f143b41e24485cea50d1cbac27 -> 
  custom:video-decoder-webm-vp8: 9c59270c3fd7afecdb556c50c9e8de78 -> 
  custom:audio-decoder-ogg-vorbis: bf7c407c2cedff20999df2af8eb42d56 -> 
========================================================================
Received Import Request.
  Time since last request: 2212.431211 seconds.
  path: Assets/Super Grotto Escape/Environment/far.png
  artifactKey: Guid(054562f6b41215f4f8dea62c745e6b42) Importer(815301076,1909f56bfc062723c751e8b465ee728b)
Start importing Assets/Super Grotto Escape/Environment/far.png using Guid(054562f6b41215f4f8dea62c745e6b42) Importer(815301076,1909f56bfc062723c751e8b465ee728b)  -> (artifact id: 'abe34611e15f4b363fc155a302a014ba') in 0.092104 seconds 
========================================================================
Received Import Request.
  Time since last request: 0.115960 seconds.
  path: Assets/Super Grotto Escape/Environment/tileset/tileset.png
  artifactKey: Guid(1ff621bafaff38f4ebcc1baf669ab883) Importer(815301076,1909f56bfc062723c751e8b465ee728b)
Start importing Assets/Super Grotto Escape/Environment/tileset/tileset.png using Guid(1ff621bafaff38f4ebcc1baf669ab883) Importer(815301076,1909f56bfc062723c751e8b465ee728b)  -> (artifact id: '1de9763dfd42a6e6febb3e65fa5af693') in 0.300170 seconds 
========================================================================
Received Import Request.
  Time since last request: 0.000023 seconds.
  path: Assets/Super Grotto Escape/Environment/tileset/tileset_36.asset
  artifactKey: Guid(7f3206636643b79438059a587218aaef) Importer(815301076,1909f56bfc062723c751e8b465ee728b)
Start importing Assets/Super Grotto Escape/Environment/tileset/tileset_36.asset using Guid(7f3206636643b79438059a587218aaef) Importer(815301076,1909f56bfc062723c751e8b465ee728b)  -> (artifact id: '1ce233da75084032b4769c22026fc56f') in 0.033556 seconds 
========================================================================
Received Import Request.
  Time since last request: 0.000031 seconds.
  path: Assets/Super Grotto Escape/Environment/tileset/tileset_40.asset
  artifactKey: Guid(6af698081d2839d4e867b8a88b71bc4c) Importer(815301076,1909f56bfc062723c751e8b465ee728b)
Start importing Assets/Super Grotto Escape/Environment/tileset/tileset_40.asset using Guid(6af698081d2839d4e867b8a88b71bc4c) Importer(815301076,1909f56bfc062723c751e8b465ee728b)  -> (artifact id: '61b31f69db5a5ee53d46f8f552d55187') in 0.008720 seconds 
========================================================================
Received Import Request.
  Time since last request: 0.000015 seconds.
  path: Assets/Super Grotto Escape/Environment/tileset/tileset_7.asset
  artifactKey: Guid(ec5e14c84dfdc824d9e1ac02643c2046) Importer(815301076,1909f56bfc062723c751e8b465ee728b)
Start importing Assets/Super Grotto Escape/Environment/tileset/tileset_7.asset using Guid(ec5e14c84dfdc824d9e1ac02643c2046) Importer(815301076,1909f56bfc062723c751e8b465ee728b)  -> (artifact id: 'e4f3c96f4448524e512b84e3fc626698') in 0.008559 seconds 
========================================================================
Received Import Request.
  Time since last request: 0.000017 seconds.
  path: Assets/Super Grotto Escape/Environment/tileset/tileset_25.asset
  artifactKey: Guid(f397e4d51aa12c948ad74832cefaebe9) Importer(815301076,1909f56bfc062723c751e8b465ee728b)
Start importing Assets/Super Grotto Escape/Environment/tileset/tileset_25.asset using Guid(f397e4d51aa12c948ad74832cefaebe9) Importer(815301076,1909f56bfc062723c751e8b465ee728b)  -> (artifact id: '3183a4dc00d1507a968586bd9387956e') in 0.010136 seconds 
========================================================================
Received Import Request.
  Time since last request: 0.000020 seconds.
  path: Assets/Super Grotto Escape/Environment/tileset/tileset_14.asset
  artifactKey: Guid(d35c73953ec4d2a458bfbdfd241a31bb) Importer(815301076,1909f56bfc062723c751e8b465ee728b)
Start importing Assets/Super Grotto Escape/Environment/tileset/tileset_14.asset using Guid(d35c73953ec4d2a458bfbdfd241a31bb) Importer(815301076,1909f56bfc062723c751e8b465ee728b)  -> (artifact id: '4412a2de97e1796f6b0c0c3c7b32edb9') in 0.009012 seconds 
========================================================================
Received Import Request.
  Time since last request: 0.000019 seconds.
  path: Assets/Super Grotto Escape/Environment/tileset/tileset_31.asset
  artifactKey: Guid(03d6db037bbec9c47a8504266b27a3ab) Importer(815301076,1909f56bfc062723c751e8b465ee728b)
Start importing Assets/Super Grotto Escape/Environment/tileset/tileset_31.asset using Guid(03d6db037bbec9c47a8504266b27a3ab) Importer(815301076,1909f56bfc062723c751e8b465ee728b)  -> (artifact id: '433a1fce9576f48092d2c67ef5469f3c') in 0.009740 seconds 
========================================================================
Received Import Request.
  Time since last request: 0.000026 seconds.
  path: Assets/Super Grotto Escape/Environment/tileset/tileset_41.asset
  artifactKey: Guid(2d5de55b1ad7b294abd0c8b7567a57d0) Importer(815301076,1909f56bfc062723c751e8b465ee728b)
Start importing Assets/Super Grotto Escape/Environment/tileset/tileset_41.asset using Guid(2d5de55b1ad7b294abd0c8b7567a57d0) Importer(815301076,1909f56bfc062723c751e8b465ee728b)  -> (artifact id: 'e72bcfb54581190a29a34c52ff4471f3') in 0.009585 seconds 
========================================================================
Received Import Request.
  Time since last request: 0.000025 seconds.
  path: Assets/Super Grotto Escape/Environment/tileset/tileset_43.asset
  artifactKey: Guid(3e325cca73c715f4f95cc5f512a0feb9) Importer(815301076,1909f56bfc062723c751e8b465ee728b)
Start importing Assets/Super Grotto Escape/Environment/tileset/tileset_43.asset using Guid(3e325cca73c715f4f95cc5f512a0feb9) Importer(815301076,1909f56bfc062723c751e8b465ee728b)  -> (artifact id: '94d8925bd1f23ae38c8b6977de352575') in 0.009333 seconds 
========================================================================
Received Import Request.
  Time since last request: 0.000021 seconds.
  path: Assets/Super Grotto Escape/Environment/tileset/tileset_27.asset
  artifactKey: Guid(f99e1546c12f6844387d49bb02b887b8) Importer(815301076,1909f56bfc062723c751e8b465ee728b)
Start importing Assets/Super Grotto Escape/Environment/tileset/tileset_27.asset using Guid(f99e1546c12f6844387d49bb02b887b8) Importer(815301076,1909f56bfc062723c751e8b465ee728b)  -> (artifact id: '7f44d9d25fd8c694431fe499509d4bc2') in 0.011202 seconds 
========================================================================
Received Import Request.
  Time since last request: 0.000024 seconds.
  path: Assets/Super Grotto Escape/Environment/tileset/tileset_24.asset
  artifactKey: Guid(7d1f57b99bed6c440b15f7374fe3d62b) Importer(815301076,1909f56bfc062723c751e8b465ee728b)
Start importing Assets/Super Grotto Escape/Environment/tileset/tileset_24.asset using Guid(7d1f57b99bed6c440b15f7374fe3d62b) Importer(815301076,1909f56bfc062723c751e8b465ee728b)  -> (artifact id: '420220e47dac8996b66fc065164be3eb') in 0.010089 seconds 
========================================================================
Received Import Request.
  Time since last request: 0.000021 seconds.
  path: Assets/Super Grotto Escape/Environment/tileset/tileset_26.asset
  artifactKey: Guid(ac8b67bdca0feda44a9677d5d6a4247c) Importer(815301076,1909f56bfc062723c751e8b465ee728b)
Start importing Assets/Super Grotto Escape/Environment/tileset/tileset_26.asset using Guid(ac8b67bdca0feda44a9677d5d6a4247c) Importer(815301076,1909f56bfc062723c751e8b465ee728b)  -> (artifact id: '229ed2e24a40daac4017e4c9a4492129') in 0.009716 seconds 
========================================================================
Received Import Request.
  Time since last request: 0.000023 seconds.
  path: Assets/Super Grotto Escape/Environment/tileset/tileset_35.asset
  artifactKey: Guid(3470d124f1f965240b026fe7e4e7779a) Importer(815301076,1909f56bfc062723c751e8b465ee728b)
Start importing Assets/Super Grotto Escape/Environment/tileset/tileset_35.asset using Guid(3470d124f1f965240b026fe7e4e7779a) Importer(815301076,1909f56bfc062723c751e8b465ee728b)  -> (artifact id: '81b2e65f17393174282ac048b5bbc21a') in 0.011002 seconds 
========================================================================
Received Import Request.
  Time since last request: 0.000027 seconds.
  path: Assets/Super Grotto Escape/Environment/tileset/tileset_32.asset
  artifactKey: Guid(c53cd9825f11dc34994220eaabd2dfd5) Importer(815301076,1909f56bfc062723c751e8b465ee728b)
Start importing Assets/Super Grotto Escape/Environment/tileset/tileset_32.asset using Guid(c53cd9825f11dc34994220eaabd2dfd5) Importer(815301076,1909f56bfc062723c751e8b465ee728b)  -> (artifact id: 'd259becbb4bfe407629d982d3099a2ca') in 0.010930 seconds 
========================================================================
Received Import Request.
  Time since last request: 0.000026 seconds.
  path: Assets/Super Grotto Escape/Environment/tileset/tileset_22.asset
  artifactKey: Guid(49af8d532484c6a4da27af263ec8a0f9) Importer(815301076,1909f56bfc062723c751e8b465ee728b)
Start importing Assets/Super Grotto Escape/Environment/tileset/tileset_22.asset using Guid(49af8d532484c6a4da27af263ec8a0f9) Importer(815301076,1909f56bfc062723c751e8b465ee728b)  -> (artifact id: '32768441f27cbc137061d72a8be547c6') in 0.008943 seconds 
========================================================================
Received Import Request.
  Time since last request: 0.000023 seconds.
  path: Assets/Super Grotto Escape/Environment/tileset/tileset_2.asset
  artifactKey: Guid(85b3f21276962bc46a1a0c10cd400b4e) Importer(815301076,1909f56bfc062723c751e8b465ee728b)
Start importing Assets/Super Grotto Escape/Environment/tileset/tileset_2.asset using Guid(85b3f21276962bc46a1a0c10cd400b4e) Importer(815301076,1909f56bfc062723c751e8b465ee728b)  -> (artifact id: '8939b93771283f152c9630d7d58dd503') in 0.009423 seconds 
========================================================================
Received Import Request.
  Time since last request: 11.806850 seconds.
  path: Assets/Super Grotto Escape/Props/console.png
  artifactKey: Guid(7f4f46cf00ef7584fa3e92e86d13f975) Importer(815301076,1909f56bfc062723c751e8b465ee728b)
Start importing Assets/Super Grotto Escape/Props/console.png using Guid(7f4f46cf00ef7584fa3e92e86d13f975) Importer(815301076,1909f56bfc062723c751e8b465ee728b)  -> (artifact id: '4cf908679b4e2c3e2bb8239b8b601cf3') in 0.014594 seconds 
========================================================================
Received Import Request.
  Time since last request: 0.000020 seconds.
  path: Assets/Super Grotto Escape/Props/crate.png
  artifactKey: Guid(d75b89fc885d00645812403d4721dc1a) Importer(815301076,1909f56bfc062723c751e8b465ee728b)
Start importing Assets/Super Grotto Escape/Props/crate.png using Guid(d75b89fc885d00645812403d4721dc1a) Importer(815301076,1909f56bfc062723c751e8b465ee728b)  -> (artifact id: '8282498f08631f3be0fc2a6a5a9abe73') in 0.016732 seconds 
========================================================================
Received Import Request.
  Time since last request: 0.000021 seconds.
  path: Assets/Super Grotto Escape/Props/ladder-metal.png
  artifactKey: Guid(0ece4b240453ace479f645bfaedad22d) Importer(815301076,1909f56bfc062723c751e8b465ee728b)
Start importing Assets/Super Grotto Escape/Props/ladder-metal.png using Guid(0ece4b240453ace479f645bfaedad22d) Importer(815301076,1909f56bfc062723c751e8b465ee728b)  -> (artifact id: '919adb74214d4ff58570c30781d3d891') in 0.016073 seconds 
========================================================================
Received Import Request.
  Time since last request: 0.000022 seconds.
  path: Assets/Super Grotto Escape/Props/palm.png
  artifactKey: Guid(4f0b6e8eee5603b48a0ded0b1d5a7013) Importer(815301076,1909f56bfc062723c751e8b465ee728b)
Start importing Assets/Super Grotto Escape/Props/palm.png using Guid(4f0b6e8eee5603b48a0ded0b1d5a7013) Importer(815301076,1909f56bfc062723c751e8b465ee728b)  -> (artifact id: 'cc01d5dbf4c3268e6bdfe064f13ee494') in 0.015577 seconds 
========================================================================
Received Import Request.
  Time since last request: 0.000030 seconds.
  path: Assets/Super Grotto Escape/Props/gate.png
  artifactKey: Guid(a67a3c049750cb84fae9cf6deaf75834) Importer(815301076,1909f56bfc062723c751e8b465ee728b)
Start importing Assets/Super Grotto Escape/Props/gate.png using Guid(a67a3c049750cb84fae9cf6deaf75834) Importer(815301076,1909f56bfc062723c751e8b465ee728b)  -> (artifact id: 'fb0d1f1385a41dc6bccede7ed29e62e1') in 0.014748 seconds 
========================================================================
Received Import Request.
  Time since last request: 0.000022 seconds.
  path: Assets/Super Grotto Escape/Props/support.png
  artifactKey: Guid(1a880edfdfdc9634d98d169c4780db2b) Importer(815301076,1909f56bfc062723c751e8b465ee728b)
Start importing Assets/Super Grotto Escape/Props/support.png using Guid(1a880edfdfdc9634d98d169c4780db2b) Importer(815301076,1909f56bfc062723c751e8b465ee728b)  -> (artifact id: 'bf102cb0073beaca90d7b950a96d4ad8') in 0.016171 seconds 
