Using pre-set license
Built from '2021.3/staging' branch; Version is '2021.3.11f1 (0a5ca18544bf) revision 679073'; Using compiler version '192829333'; Build Type 'Release'
OS: 'Windows 11  (10.0.22000) 64bit Professional' Language: 'zh' Physical Memory: 32509 MB
BatchMode: 1, IsHumanControllingUs: 0, StartBugReporterOnCrash: 0, Is64bit: 1, IsPro: 1

COMMAND LINE ARGUMENTS:
C:\Program Files\Unity\Hub\Editor\2021.3.11f1\Editor\Unity.exe
-adb2
-batchMode
-noUpm
-name
AssetImportWorker0
-projectPath
C:/Users/Jim/FinalProject
-logFile
Logs/AssetImportWorker0.log
-srvPort
51041
Successfully changed project path to: C:/Users/Jim/FinalProject
C:/Users/Jim/FinalProject
[UnityMemory] Configuration Parameters - Can be set up in boot.config
    "memorysetup-bucket-allocator-granularity=16"
    "memorysetup-bucket-allocator-bucket-count=8"
    "memorysetup-bucket-allocator-block-size=33554432"
    "memorysetup-bucket-allocator-block-count=8"
    "memorysetup-main-allocator-block-size=16777216"
    "memorysetup-thread-allocator-block-size=16777216"
    "memorysetup-gfx-main-allocator-block-size=16777216"
    "memorysetup-gfx-thread-allocator-block-size=16777216"
    "memorysetup-cache-allocator-block-size=4194304"
    "memorysetup-typetree-allocator-block-size=2097152"
    "memorysetup-profiler-bucket-allocator-granularity=16"
    "memorysetup-profiler-bucket-allocator-bucket-count=8"
    "memorysetup-profiler-bucket-allocator-block-size=33554432"
    "memorysetup-profiler-bucket-allocator-block-count=8"
    "memorysetup-profiler-allocator-block-size=16777216"
    "memorysetup-profiler-editor-allocator-block-size=1048576"
    "memorysetup-temp-allocator-size-main=16777216"
    "memorysetup-job-temp-allocator-block-size=2097152"
    "memorysetup-job-temp-allocator-block-size-background=1048576"
    "memorysetup-job-temp-allocator-reduction-small-platforms=262144"
    "memorysetup-temp-allocator-size-background-worker=32768"
    "memorysetup-temp-allocator-size-job-worker=262144"
    "memorysetup-temp-allocator-size-preload-manager=33554432"
    "memorysetup-temp-allocator-size-nav-mesh-worker=65536"
    "memorysetup-temp-allocator-size-audio-worker=65536"
    "memorysetup-temp-allocator-size-cloud-worker=32768"
    "memorysetup-temp-allocator-size-gi-baking-worker=262144"
    "memorysetup-temp-allocator-size-gfx=262144"
Refreshing native plugins compatible for Editor in 70.92 ms, found 4 plugins.
Preloading 0 native plugins for Editor in 0.00 ms.
Initialize engine version: 2021.3.11f1 (0a5ca18544bf)
[Subsystems] Discovering subsystems at path C:/Program Files/Unity/Hub/Editor/2021.3.11f1/Editor/Data/Resources/UnitySubsystems
[Subsystems] Discovering subsystems at path C:/Users/Jim/FinalProject/Assets
GfxDevice: creating device client; threaded=0; jobified=0
Direct3D:
    Version:  Direct3D 11.0 [level 11.1]
    Renderer: Intel(R) UHD Graphics 730 (ID=0x4692)
    Vendor:   Intel
    VRAM:     16254 MB
    Driver:   30.0.101.1371
Initialize mono
Mono path[0] = 'C:/Program Files/Unity/Hub/Editor/2021.3.11f1/Editor/Data/Managed'
Mono path[1] = 'C:/Program Files/Unity/Hub/Editor/2021.3.11f1/Editor/Data/MonoBleedingEdge/lib/mono/unityjit-win32'
Mono config path = 'C:/Program Files/Unity/Hub/Editor/2021.3.11f1/Editor/Data/MonoBleedingEdge/etc'
Using monoOptions --debugger-agent=transport=dt_socket,embedding=1,server=y,suspend=n,address=127.0.0.1:56580
Begin MonoManager ReloadAssembly
Registering precompiled unity dll's ...
Register platform support module: C:/Program Files/Unity/Hub/Editor/2021.3.11f1/Editor/Data/PlaybackEngines/WindowsStandaloneSupport/UnityEditor.WindowsStandalone.Extensions.dll
Registered in 0.003105 seconds.
Native extension for WindowsStandalone target not found
Refreshing native plugins compatible for Editor in 63.79 ms, found 4 plugins.
Preloading 0 native plugins for Editor in 0.00 ms.
Mono: successfully reloaded assembly
- Completed reload, in  0.434 seconds
Domain Reload Profiling:
	ReloadAssembly (434ms)
		BeginReloadAssembly (53ms)
			ExecutionOrderSort (0ms)
			DisableScriptedObjects (0ms)
			BackupInstance (0ms)
			ReleaseScriptingObjects (0ms)
			CreateAndSetChildDomain (1ms)
		EndReloadAssembly (307ms)
			LoadAssemblies (52ms)
			RebuildTransferFunctionScriptingTraits (0ms)
			SetupTypeCache (64ms)
			ReleaseScriptCaches (0ms)
			RebuildScriptCaches (22ms)
			SetupLoadedEditorAssemblies (185ms)
				LogAssemblyErrors (0ms)
				InitializePlatformSupportModulesInManaged (5ms)
				SetLoadedEditorAssemblies (0ms)
				RefreshPlugins (64ms)
				BeforeProcessingInitializeOnLoad (1ms)
				ProcessInitializeOnLoadAttributes (86ms)
				ProcessInitializeOnLoadMethodAttributes (29ms)
				AfterProcessingInitializeOnLoad (0ms)
				EditorAssembliesLoaded (0ms)
			ExecutionOrderSort2 (0ms)
			AwakeInstancesAfterBackupRestoration (0ms)
Platform modules already initialized, skipping
Registering precompiled user dll's ...
Registered in 0.003595 seconds.
Begin MonoManager ReloadAssembly
Symbol file LoadedFromMemory doesn't match image C:\Users\Jim\FinalProject\Library\PackageCache\com.unity.visualscripting@1.7.8\Editor\VisualScripting.Core\Dependencies\YamlDotNet\Unity.VisualScripting.YamlDotNet.dll
Symbol file LoadedFromMemory doesn't match image C:\Users\Jim\FinalProject\Library\PackageCache\com.unity.visualscripting@1.7.8\Editor\VisualScripting.Core\Dependencies\DotNetZip\Unity.VisualScripting.IonicZip.dll
Native extension for WindowsStandalone target not found
Refreshing native plugins compatible for Editor in 66.00 ms, found 4 plugins.
Preloading 0 native plugins for Editor in 0.00 ms.
Mono: successfully reloaded assembly
- Completed reload, in  0.777 seconds
Domain Reload Profiling:
	ReloadAssembly (778ms)
		BeginReloadAssembly (70ms)
			ExecutionOrderSort (0ms)
			DisableScriptedObjects (4ms)
			BackupInstance (0ms)
			ReleaseScriptingObjects (0ms)
			CreateAndSetChildDomain (12ms)
		EndReloadAssembly (620ms)
			LoadAssemblies (49ms)
			RebuildTransferFunctionScriptingTraits (0ms)
			SetupTypeCache (147ms)
			ReleaseScriptCaches (0ms)
			RebuildScriptCaches (43ms)
			SetupLoadedEditorAssemblies (339ms)
				LogAssemblyErrors (0ms)
				InitializePlatformSupportModulesInManaged (3ms)
				SetLoadedEditorAssemblies (0ms)
				RefreshPlugins (66ms)
				BeforeProcessingInitializeOnLoad (62ms)
				ProcessInitializeOnLoadAttributes (169ms)
				ProcessInitializeOnLoadMethodAttributes (36ms)
				AfterProcessingInitializeOnLoad (3ms)
				EditorAssembliesLoaded (0ms)
			ExecutionOrderSort2 (0ms)
			AwakeInstancesAfterBackupRestoration (4ms)
Platform modules already initialized, skipping
========================================================================
Worker process is ready to serve import requests
Launched and connected shader compiler UnityShaderCompiler.exe after 0.02 seconds
Refreshing native plugins compatible for Editor in 0.62 ms, found 4 plugins.
Preloading 0 native plugins for Editor in 0.00 ms.
Unloading 4068 Unused Serialized files (Serialized files now loaded: 0)
Unloading 44 unused Assets / (229.5 KB). Loaded Objects now: 4518.
Memory consumption went from 151.8 MB to 151.5 MB.
Total: 2.533300 ms (FindLiveObjects: 0.190600 ms CreateObjectMapping: 0.097200 ms MarkObjects: 2.123800 ms  DeleteObjects: 0.121000 ms)

AssetImportParameters requested are different than current active one (requested -> active):
  custom:video-decoder-ogg-theora: a1e56fd34408186e4bbccfd4996cb3dc -> 
  custom:container-muxer-webm: aa71ff27fc2769a1b78a27578f13a17b -> 
  custom:container-demuxer-webm: 4f35f7cbe854078d1ac9338744f61a02 -> 
  custom:video-encoder-webm-vp8: eb34c28f22e8b96e1ab97ce403110664 -> 
  custom:audio-encoder-webm-vorbis: bf7c407c2cedff20999df2af8eb42d56 -> 
  custom:framework-win-MediaFoundation: 216162199b28c13a410421893ffa2e32 -> 
  custom:container-demuxer-ogg: 62fdf1f143b41e24485cea50d1cbac27 -> 
  custom:video-decoder-webm-vp8: 9c59270c3fd7afecdb556c50c9e8de78 -> 
  custom:audio-decoder-ogg-vorbis: bf7c407c2cedff20999df2af8eb42d56 -> 
========================================================================
Received Import Request.
  Time since last request: 2212.417844 seconds.
  path: Assets/Super Grotto Escape/Environment
  artifactKey: Guid(f3dbb832b4ac256419251491a13d2767) Importer(815301076,1909f56bfc062723c751e8b465ee728b)
Start importing Assets/Super Grotto Escape/Environment using Guid(f3dbb832b4ac256419251491a13d2767) Importer(815301076,1909f56bfc062723c751e8b465ee728b)  -> (artifact id: 'cbd943a97ea0404b7e9ef783509609e6') in 0.008757 seconds 
========================================================================
Received Import Request.
  Time since last request: 0.000019 seconds.
  path: Assets/Super Grotto Escape/Environment/middle.png
  artifactKey: Guid(1156aa2e92baf8f4eafadb9fed8f4e3a) Importer(815301076,1909f56bfc062723c751e8b465ee728b)
Start importing Assets/Super Grotto Escape/Environment/middle.png using Guid(1156aa2e92baf8f4eafadb9fed8f4e3a) Importer(815301076,1909f56bfc062723c751e8b465ee728b)  -> (artifact id: '951454ce3cc9fc556b9742cca61ca77f') in 0.092874 seconds 
========================================================================
Received Import Request.
  Time since last request: 0.000018 seconds.
  path: Assets/Super Grotto Escape/Environment/back.png
  artifactKey: Guid(f4ee95c3f4299e44087fc9e4c6bf4b4f) Importer(815301076,1909f56bfc062723c751e8b465ee728b)
Start importing Assets/Super Grotto Escape/Environment/back.png using Guid(f4ee95c3f4299e44087fc9e4c6bf4b4f) Importer(815301076,1909f56bfc062723c751e8b465ee728b)  -> (artifact id: '6c13dcb5ad9bd2559def53044e2562d6') in 0.015936 seconds 
========================================================================
Received Import Request.
  Time since last request: 0.068785 seconds.
  path: Assets/Super Grotto Escape/Environment/tileset
  artifactKey: Guid(d48c4c38235dd9f4f9fc44559a8586f0) Importer(815301076,1909f56bfc062723c751e8b465ee728b)
Start importing Assets/Super Grotto Escape/Environment/tileset using Guid(d48c4c38235dd9f4f9fc44559a8586f0) Importer(815301076,1909f56bfc062723c751e8b465ee728b)  -> (artifact id: 'bd6ba4e820f8683115f8afde5b7c649d') in 0.005192 seconds 
========================================================================
Received Import Request.
  Time since last request: 0.016269 seconds.
  path: Assets/Super Grotto Escape/Environment/tileset/New Palette.prefab
  artifactKey: Guid(43cd31a0928d9214988882c6701d2fc4) Importer(815301076,1909f56bfc062723c751e8b465ee728b)
Start importing Assets/Super Grotto Escape/Environment/tileset/New Palette.prefab using Guid(43cd31a0928d9214988882c6701d2fc4) Importer(815301076,1909f56bfc062723c751e8b465ee728b)  -> (artifact id: 'b0403392f5ea348100e57646c55ad8e2') in 0.071814 seconds 
========================================================================
Received Import Request.
  Time since last request: 0.000017 seconds.
  path: Assets/Super Grotto Escape/Environment/tileset/tileset_29.asset
  artifactKey: Guid(0499f29ad1e3a0f4083ba945e1373fe3) Importer(815301076,1909f56bfc062723c751e8b465ee728b)
Start importing Assets/Super Grotto Escape/Environment/tileset/tileset_29.asset using Guid(0499f29ad1e3a0f4083ba945e1373fe3) Importer(815301076,1909f56bfc062723c751e8b465ee728b)  -> (artifact id: 'dea44353b6ef0266c5197d12f4cb55aa') in 0.011826 seconds 
========================================================================
Received Import Request.
  Time since last request: 0.000018 seconds.
  path: Assets/Super Grotto Escape/Environment/tileset/tileset_33.asset
  artifactKey: Guid(ea4f22c6ad82c504f84df6cad6485f67) Importer(815301076,1909f56bfc062723c751e8b465ee728b)
Start importing Assets/Super Grotto Escape/Environment/tileset/tileset_33.asset using Guid(ea4f22c6ad82c504f84df6cad6485f67) Importer(815301076,1909f56bfc062723c751e8b465ee728b)  -> (artifact id: '2c896e5a28b9b3524c966d3e43217086') in 0.011124 seconds 
========================================================================
Received Import Request.
  Time since last request: 0.000020 seconds.
  path: Assets/Super Grotto Escape/Environment/tileset/tileset_1.asset
  artifactKey: Guid(ff6fb6e73c8e3aa4e9e47767bc542b49) Importer(815301076,1909f56bfc062723c751e8b465ee728b)
Start importing Assets/Super Grotto Escape/Environment/tileset/tileset_1.asset using Guid(ff6fb6e73c8e3aa4e9e47767bc542b49) Importer(815301076,1909f56bfc062723c751e8b465ee728b)  -> (artifact id: 'bdc69115aa43d3b6bfd09bd083c46776') in 0.009782 seconds 
========================================================================
Received Import Request.
  Time since last request: 0.000023 seconds.
  path: Assets/Super Grotto Escape/Environment/tileset/tileset_11.asset
  artifactKey: Guid(edb72f3dc5081bc4b86cc3fd92f884f0) Importer(815301076,1909f56bfc062723c751e8b465ee728b)
Start importing Assets/Super Grotto Escape/Environment/tileset/tileset_11.asset using Guid(edb72f3dc5081bc4b86cc3fd92f884f0) Importer(815301076,1909f56bfc062723c751e8b465ee728b)  -> (artifact id: '097c883c1574bea7d0442dd878c5ef2a') in 0.009282 seconds 
========================================================================
Received Import Request.
  Time since last request: 0.000023 seconds.
  path: Assets/Super Grotto Escape/Environment/tileset/tileset_30.asset
  artifactKey: Guid(c713672735888064c9cc8a11fa5a5ddd) Importer(815301076,1909f56bfc062723c751e8b465ee728b)
Start importing Assets/Super Grotto Escape/Environment/tileset/tileset_30.asset using Guid(c713672735888064c9cc8a11fa5a5ddd) Importer(815301076,1909f56bfc062723c751e8b465ee728b)  -> (artifact id: '5c4e9c5baf8465f59aae45711ba04695') in 0.009062 seconds 
========================================================================
Received Import Request.
  Time since last request: 0.000017 seconds.
  path: Assets/Super Grotto Escape/Environment/tileset/tileset_37.asset
  artifactKey: Guid(0efbe934c1362ba47a652958dab64769) Importer(815301076,1909f56bfc062723c751e8b465ee728b)
Start importing Assets/Super Grotto Escape/Environment/tileset/tileset_37.asset using Guid(0efbe934c1362ba47a652958dab64769) Importer(815301076,1909f56bfc062723c751e8b465ee728b)  -> (artifact id: 'a98231a35f7fddc1bc1c555c7b15f30d') in 0.009855 seconds 
========================================================================
Received Import Request.
  Time since last request: 0.000022 seconds.
  path: Assets/Super Grotto Escape/Environment/tileset/tileset_34.asset
  artifactKey: Guid(708e73394cce4ff47ba8b97d81ba4f68) Importer(815301076,1909f56bfc062723c751e8b465ee728b)
Start importing Assets/Super Grotto Escape/Environment/tileset/tileset_34.asset using Guid(708e73394cce4ff47ba8b97d81ba4f68) Importer(815301076,1909f56bfc062723c751e8b465ee728b)  -> (artifact id: '0390139fcc099d77f31ffc95f79c1641') in 0.009795 seconds 
========================================================================
Received Import Request.
  Time since last request: 0.000024 seconds.
  path: Assets/Super Grotto Escape/Environment/tileset/tileset_12.asset
  artifactKey: Guid(149c87ce9827e304db5548d73c4b1b95) Importer(815301076,1909f56bfc062723c751e8b465ee728b)
Start importing Assets/Super Grotto Escape/Environment/tileset/tileset_12.asset using Guid(149c87ce9827e304db5548d73c4b1b95) Importer(815301076,1909f56bfc062723c751e8b465ee728b)  -> (artifact id: '930ec25bd60dc591663d15c30f765836') in 0.009315 seconds 
========================================================================
Received Import Request.
  Time since last request: 0.000022 seconds.
  path: Assets/Super Grotto Escape/Environment/tileset/tileset_44.asset
  artifactKey: Guid(0678dfbe85c63c2458602b0afbe74329) Importer(815301076,1909f56bfc062723c751e8b465ee728b)
Start importing Assets/Super Grotto Escape/Environment/tileset/tileset_44.asset using Guid(0678dfbe85c63c2458602b0afbe74329) Importer(815301076,1909f56bfc062723c751e8b465ee728b)  -> (artifact id: 'f4b5892bef8b30314ee812d1902b3b9b') in 0.011473 seconds 
========================================================================
Received Import Request.
  Time since last request: 0.000044 seconds.
  path: Assets/Super Grotto Escape/Environment/tileset/tileset_16.asset
  artifactKey: Guid(00e186b5252b3644a803a376011311a6) Importer(815301076,1909f56bfc062723c751e8b465ee728b)
Start importing Assets/Super Grotto Escape/Environment/tileset/tileset_16.asset using Guid(00e186b5252b3644a803a376011311a6) Importer(815301076,1909f56bfc062723c751e8b465ee728b)  -> (artifact id: 'cb1eb0ea17167ae7d0758bc856e7bc38') in 0.008311 seconds 
========================================================================
Received Import Request.
  Time since last request: 0.000023 seconds.
  path: Assets/Super Grotto Escape/Environment/tileset/tileset_38.asset
  artifactKey: Guid(23ec433490964a34abdc24e756ec1fe1) Importer(815301076,1909f56bfc062723c751e8b465ee728b)
Start importing Assets/Super Grotto Escape/Environment/tileset/tileset_38.asset using Guid(23ec433490964a34abdc24e756ec1fe1) Importer(815301076,1909f56bfc062723c751e8b465ee728b)  -> (artifact id: 'd3aa43dd2fdace752657872a1baf3fd5') in 0.008595 seconds 
========================================================================
Received Import Request.
  Time since last request: 0.000018 seconds.
  path: Assets/Super Grotto Escape/Environment/tileset/tileset_0.asset
  artifactKey: Guid(ff9f0a6a073940041ad78e08f3d017e0) Importer(815301076,1909f56bfc062723c751e8b465ee728b)
Start importing Assets/Super Grotto Escape/Environment/tileset/tileset_0.asset using Guid(ff9f0a6a073940041ad78e08f3d017e0) Importer(815301076,1909f56bfc062723c751e8b465ee728b)  -> (artifact id: '8ba7449d0132e9f450e9a01f3a4b7680') in 0.010996 seconds 
========================================================================
Received Import Request.
  Time since last request: 0.000022 seconds.
  path: Assets/Super Grotto Escape/Environment/tileset/tileset_42.asset
  artifactKey: Guid(4952ff1b06575a94da34fa6cab4e7a0a) Importer(815301076,1909f56bfc062723c751e8b465ee728b)
Start importing Assets/Super Grotto Escape/Environment/tileset/tileset_42.asset using Guid(4952ff1b06575a94da34fa6cab4e7a0a) Importer(815301076,1909f56bfc062723c751e8b465ee728b)  -> (artifact id: 'c59f0a90b3d29e95b00774943c2bc6a3') in 0.008986 seconds 
========================================================================
Received Import Request.
  Time since last request: 0.000019 seconds.
  path: Assets/Super Grotto Escape/Environment/tileset/tileset_15.asset
  artifactKey: Guid(eadb76d45e2efcf478e272549b0b1cbf) Importer(815301076,1909f56bfc062723c751e8b465ee728b)
Start importing Assets/Super Grotto Escape/Environment/tileset/tileset_15.asset using Guid(eadb76d45e2efcf478e272549b0b1cbf) Importer(815301076,1909f56bfc062723c751e8b465ee728b)  -> (artifact id: 'f9123f76d643d3997d355975ddf3803c') in 0.008647 seconds 
========================================================================
Received Import Request.
  Time since last request: 0.000017 seconds.
  path: Assets/Super Grotto Escape/Environment/tileset/tileset_8.asset
  artifactKey: Guid(fc5948875d65afb41a16daef0d9c9cfb) Importer(815301076,1909f56bfc062723c751e8b465ee728b)
Start importing Assets/Super Grotto Escape/Environment/tileset/tileset_8.asset using Guid(fc5948875d65afb41a16daef0d9c9cfb) Importer(815301076,1909f56bfc062723c751e8b465ee728b)  -> (artifact id: 'a51568f483029f4c26468e080aa3ca34') in 0.008589 seconds 
========================================================================
Received Import Request.
  Time since last request: 0.000027 seconds.
  path: Assets/Super Grotto Escape/Environment/tileset/tileset_3.asset
  artifactKey: Guid(3b9bf3c80e5400d479518fa5fd0167cc) Importer(815301076,1909f56bfc062723c751e8b465ee728b)
Start importing Assets/Super Grotto Escape/Environment/tileset/tileset_3.asset using Guid(3b9bf3c80e5400d479518fa5fd0167cc) Importer(815301076,1909f56bfc062723c751e8b465ee728b)  -> (artifact id: 'ea2d5414b9183af1467068250ae5b31e') in 0.009209 seconds 
========================================================================
Received Import Request.
  Time since last request: 0.000018 seconds.
  path: Assets/Super Grotto Escape/Environment/tileset/tileset_9.asset
  artifactKey: Guid(013323ce556a8f345a115b5fffdd6717) Importer(815301076,1909f56bfc062723c751e8b465ee728b)
Start importing Assets/Super Grotto Escape/Environment/tileset/tileset_9.asset using Guid(013323ce556a8f345a115b5fffdd6717) Importer(815301076,1909f56bfc062723c751e8b465ee728b)  -> (artifact id: '0ef8a0361f9f60979fd1e707c1156320') in 0.010080 seconds 
========================================================================
Received Import Request.
  Time since last request: 0.000019 seconds.
  path: Assets/Super Grotto Escape/Environment/tileset/tileset_10.asset
  artifactKey: Guid(174b1d1bec1ac23499963c8891f90344) Importer(815301076,1909f56bfc062723c751e8b465ee728b)
Start importing Assets/Super Grotto Escape/Environment/tileset/tileset_10.asset using Guid(174b1d1bec1ac23499963c8891f90344) Importer(815301076,1909f56bfc062723c751e8b465ee728b)  -> (artifact id: '47379d16bd93b677d529a8b0f806ad1c') in 0.008243 seconds 
========================================================================
Received Import Request.
  Time since last request: 0.000019 seconds.
  path: Assets/Super Grotto Escape/Environment/tileset/tileset_6.asset
  artifactKey: Guid(ed7bec09ff0a3354aabfa176b8309c98) Importer(815301076,1909f56bfc062723c751e8b465ee728b)
Start importing Assets/Super Grotto Escape/Environment/tileset/tileset_6.asset using Guid(ed7bec09ff0a3354aabfa176b8309c98) Importer(815301076,1909f56bfc062723c751e8b465ee728b)  -> (artifact id: '10be27968d7d1487376dec5a7401642b') in 0.009430 seconds 
========================================================================
Received Import Request.
  Time since last request: 0.000018 seconds.
  path: Assets/Super Grotto Escape/Environment/tileset/tileset_45.asset
  artifactKey: Guid(c60d8b3964be9174e88bfc8e4cffd9a5) Importer(815301076,1909f56bfc062723c751e8b465ee728b)
Start importing Assets/Super Grotto Escape/Environment/tileset/tileset_45.asset using Guid(c60d8b3964be9174e88bfc8e4cffd9a5) Importer(815301076,1909f56bfc062723c751e8b465ee728b)  -> (artifact id: '7568b844874304bcea228f2608cdb76b') in 0.009375 seconds 
========================================================================
Received Import Request.
  Time since last request: 0.000024 seconds.
  path: Assets/Super Grotto Escape/Environment/tileset/tileset_17.asset
  artifactKey: Guid(1a1cac02431d98041b0fa21beea0d8e9) Importer(815301076,1909f56bfc062723c751e8b465ee728b)
Start importing Assets/Super Grotto Escape/Environment/tileset/tileset_17.asset using Guid(1a1cac02431d98041b0fa21beea0d8e9) Importer(815301076,1909f56bfc062723c751e8b465ee728b)  -> (artifact id: 'ddc18c1d30a64256210e302e7082eef0') in 0.008693 seconds 
========================================================================
Received Import Request.
  Time since last request: 0.000030 seconds.
  path: Assets/Super Grotto Escape/Environment/tileset/tileset_20.asset
  artifactKey: Guid(9cbd62ea363e51f46959b911c07d1258) Importer(815301076,1909f56bfc062723c751e8b465ee728b)
Start importing Assets/Super Grotto Escape/Environment/tileset/tileset_20.asset using Guid(9cbd62ea363e51f46959b911c07d1258) Importer(815301076,1909f56bfc062723c751e8b465ee728b)  -> (artifact id: '1f09382aa094e31e0d1fdf892b5fb671') in 0.010534 seconds 
========================================================================
Received Import Request.
  Time since last request: 0.000023 seconds.
  path: Assets/Super Grotto Escape/Environment/tileset/tileset_13.asset
  artifactKey: Guid(a57aee36dd4ac244a8e4052b61fd9698) Importer(815301076,1909f56bfc062723c751e8b465ee728b)
Start importing Assets/Super Grotto Escape/Environment/tileset/tileset_13.asset using Guid(a57aee36dd4ac244a8e4052b61fd9698) Importer(815301076,1909f56bfc062723c751e8b465ee728b)  -> (artifact id: '9af255955ac1a977bb0b3dee1e8ccdbd') in 0.008258 seconds 
========================================================================
Received Import Request.
  Time since last request: 0.000021 seconds.
  path: Assets/Super Grotto Escape/Environment/tileset/tileset_21.asset
  artifactKey: Guid(4fb21c7cadc0461408888fd0fc5fd7a8) Importer(815301076,1909f56bfc062723c751e8b465ee728b)
Start importing Assets/Super Grotto Escape/Environment/tileset/tileset_21.asset using Guid(4fb21c7cadc0461408888fd0fc5fd7a8) Importer(815301076,1909f56bfc062723c751e8b465ee728b)  -> (artifact id: '275f23d0f4a03b17c1ceb0ff1dcfed3d') in 0.011203 seconds 
========================================================================
Received Import Request.
  Time since last request: 0.000049 seconds.
  path: Assets/Super Grotto Escape/Environment/tileset/tileset_39.asset
  artifactKey: Guid(f717b67d778cac44092ec949817f03bd) Importer(815301076,1909f56bfc062723c751e8b465ee728b)
Start importing Assets/Super Grotto Escape/Environment/tileset/tileset_39.asset using Guid(f717b67d778cac44092ec949817f03bd) Importer(815301076,1909f56bfc062723c751e8b465ee728b)  -> (artifact id: '5b4d6b7a92c439b398707c44677b8dd9') in 0.009549 seconds 
========================================================================
Received Import Request.
  Time since last request: 0.000022 seconds.
  path: Assets/Super Grotto Escape/Environment/tileset/tileset_18.asset
  artifactKey: Guid(36d383fe265ae3146af5b86e82c66bfc) Importer(815301076,1909f56bfc062723c751e8b465ee728b)
Start importing Assets/Super Grotto Escape/Environment/tileset/tileset_18.asset using Guid(36d383fe265ae3146af5b86e82c66bfc) Importer(815301076,1909f56bfc062723c751e8b465ee728b)  -> (artifact id: '7a30238da3d4fe0d8d67578340dd6e90') in 0.011514 seconds 
========================================================================
Received Import Request.
  Time since last request: 0.000034 seconds.
  path: Assets/Super Grotto Escape/Environment/tileset/tileset_23.asset
  artifactKey: Guid(f12f44eaba50c1547a896dbb1b35d560) Importer(815301076,1909f56bfc062723c751e8b465ee728b)
Start importing Assets/Super Grotto Escape/Environment/tileset/tileset_23.asset using Guid(f12f44eaba50c1547a896dbb1b35d560) Importer(815301076,1909f56bfc062723c751e8b465ee728b)  -> (artifact id: '3baf80b1a91c4b759bdc3190a29d63f1') in 0.009517 seconds 
========================================================================
Received Import Request.
  Time since last request: 0.000019 seconds.
  path: Assets/Super Grotto Escape/Environment/tileset/tileset_46.asset
  artifactKey: Guid(626579260d870e046a06c441cebae23c) Importer(815301076,1909f56bfc062723c751e8b465ee728b)
Start importing Assets/Super Grotto Escape/Environment/tileset/tileset_46.asset using Guid(626579260d870e046a06c441cebae23c) Importer(815301076,1909f56bfc062723c751e8b465ee728b)  -> (artifact id: '1fa2ef4cdb4633ef590cb7a125a5aa7b') in 0.010328 seconds 
========================================================================
Received Import Request.
  Time since last request: 0.000023 seconds.
  path: Assets/Super Grotto Escape/Environment/tileset/tileset_4.asset
  artifactKey: Guid(0a52014541331d14f92646f56558dccf) Importer(815301076,1909f56bfc062723c751e8b465ee728b)
Start importing Assets/Super Grotto Escape/Environment/tileset/tileset_4.asset using Guid(0a52014541331d14f92646f56558dccf) Importer(815301076,1909f56bfc062723c751e8b465ee728b)  -> (artifact id: 'b79f51f580f1349cb9c37c7f11f46252') in 0.010646 seconds 
========================================================================
Received Import Request.
  Time since last request: 0.000023 seconds.
  path: Assets/Super Grotto Escape/Environment/tileset/tileset_5.asset
  artifactKey: Guid(0718e1d15c1b79c4dad2f0ea0603a6fa) Importer(815301076,1909f56bfc062723c751e8b465ee728b)
Start importing Assets/Super Grotto Escape/Environment/tileset/tileset_5.asset using Guid(0718e1d15c1b79c4dad2f0ea0603a6fa) Importer(815301076,1909f56bfc062723c751e8b465ee728b)  -> (artifact id: '009654765037d8e14791f5938ad6d8cf') in 0.010109 seconds 
========================================================================
Received Import Request.
  Time since last request: 0.000025 seconds.
  path: Assets/Super Grotto Escape/Environment/tileset/tileset_19.asset
  artifactKey: Guid(9a3e903bf02b93a4dbcba0d84a9dfa67) Importer(815301076,1909f56bfc062723c751e8b465ee728b)
Start importing Assets/Super Grotto Escape/Environment/tileset/tileset_19.asset using Guid(9a3e903bf02b93a4dbcba0d84a9dfa67) Importer(815301076,1909f56bfc062723c751e8b465ee728b)  -> (artifact id: 'c29f453f622b2c60b253ccdc5513bfaa') in 0.010530 seconds 
========================================================================
Received Import Request.
  Time since last request: 0.000023 seconds.
  path: Assets/Super Grotto Escape/Environment/tileset/tileset_28.asset
  artifactKey: Guid(0264ebdaa07a2a744b5464a56787f2ca) Importer(815301076,1909f56bfc062723c751e8b465ee728b)
Start importing Assets/Super Grotto Escape/Environment/tileset/tileset_28.asset using Guid(0264ebdaa07a2a744b5464a56787f2ca) Importer(815301076,1909f56bfc062723c751e8b465ee728b)  -> (artifact id: '1df7ebd716822412abe9d60d803580e2') in 0.011000 seconds 
========================================================================
Received Import Request.
  Time since last request: 11.807165 seconds.
  path: Assets/Super Grotto Escape/Props/big-crate.png
  artifactKey: Guid(1b1ad24d4c121a6458c8ee0d806fa11a) Importer(815301076,1909f56bfc062723c751e8b465ee728b)
Start importing Assets/Super Grotto Escape/Props/big-crate.png using Guid(1b1ad24d4c121a6458c8ee0d806fa11a) Importer(815301076,1909f56bfc062723c751e8b465ee728b)  -> (artifact id: 'c95e6a4bae9b9562d8c4e47b30c200e3') in 0.014998 seconds 
========================================================================
Received Import Request.
  Time since last request: 0.000025 seconds.
  path: Assets/Super Grotto Escape/Props/pipes.png
  artifactKey: Guid(9730d87b0787a864fb5b3372a391c68e) Importer(815301076,1909f56bfc062723c751e8b465ee728b)
Start importing Assets/Super Grotto Escape/Props/pipes.png using Guid(9730d87b0787a864fb5b3372a391c68e) Importer(815301076,1909f56bfc062723c751e8b465ee728b)  -> (artifact id: '9d7d56769e958c58583ae858909d608d') in 0.017192 seconds 
========================================================================
Received Import Request.
  Time since last request: 0.000016 seconds.
  path: Assets/Super Grotto Escape/Props/plant-big.png
  artifactKey: Guid(700619972abf6de40948fe5f08c90b22) Importer(815301076,1909f56bfc062723c751e8b465ee728b)
Start importing Assets/Super Grotto Escape/Props/plant-big.png using Guid(700619972abf6de40948fe5f08c90b22) Importer(815301076,1909f56bfc062723c751e8b465ee728b)  -> (artifact id: '5a6d6c515b5aa86c5e78a5e8fc9f9d65') in 0.015087 seconds 
========================================================================
Received Import Request.
  Time since last request: 0.000024 seconds.
  path: Assets/Super Grotto Escape/Props/plant.png
  artifactKey: Guid(26e1112c71a08ee479fdb01e13ea1926) Importer(815301076,1909f56bfc062723c751e8b465ee728b)
Start importing Assets/Super Grotto Escape/Props/plant.png using Guid(26e1112c71a08ee479fdb01e13ea1926) Importer(815301076,1909f56bfc062723c751e8b465ee728b)  -> (artifact id: '1a6b4160fd4a7cbf73cfdc6496bf8443') in 0.016442 seconds 
========================================================================
Received Import Request.
  Time since last request: 0.000020 seconds.
  path: Assets/Super Grotto Escape/Props/metal-column.png
  artifactKey: Guid(e918abaaf917b2b47a48fd9d079ae292) Importer(815301076,1909f56bfc062723c751e8b465ee728b)
Start importing Assets/Super Grotto Escape/Props/metal-column.png using Guid(e918abaaf917b2b47a48fd9d079ae292) Importer(815301076,1909f56bfc062723c751e8b465ee728b)  -> (artifact id: 'd1483004f06d8397511ef09b72d8eb5a') in 0.016315 seconds 
Editor requested this worker to shutdown with reason: Scaling down because of idle timeout
AssetImportWorker is now disconnected from the server
Process exiting
Exiting without the bug reporter. Application will terminate with return code 0